<?xml version="1.0" encoding="UTF-8"?>
<testng-results ignored="0" total="3" passed="3" failed="0" skipped="0">
  <reporter-output>
  </reporter-output>
  <suite started-at="2018-12-18T00:48:54Z" name="CrossBrowserSuite" finished-at="2018-12-18T00:54:55Z" duration-ms="361454">
    <groups>
    </groups>
    <test started-at="2018-12-18T00:48:54Z" name="FirefoxTest" finished-at="2018-12-18T00:49:09Z" duration-ms="15504">
      <class name="CrossBrowserData_ParameterPac.OpenBrowser_CrossBrowserDataParameter">
        <test-method is-config="true" signature="openBrowser(java.lang.String)[pri:0, instance:CrossBrowserData_ParameterPac.OpenBrowser_CrossBrowserDataParameter@385e9564]" started-at="2018-12-18T00:48:54Z" name="openBrowser" finished-at="2018-12-18T00:49:00Z" duration-ms="5751" status="PASS">
          <params>
            <param index="0">
              <value>
                <![CDATA[Firefox]]>
              </value>
            </param>
          </params>
          <reporter-output>
          </reporter-output>
        </test-method> <!-- openBrowser -->
        <test-method signature="facebookSignUp()[pri:0, instance:CrossBrowserData_ParameterPac.OpenBrowser_CrossBrowserDataParameter@385e9564]" started-at="2018-12-18T00:49:00Z" name="facebookSignUp" finished-at="2018-12-18T00:49:09Z" duration-ms="9738" status="PASS">
          <reporter-output>
          </reporter-output>
        </test-method> <!-- facebookSignUp -->
      </class> <!-- CrossBrowserData_ParameterPac.OpenBrowser_CrossBrowserDataParameter -->
    </test> <!-- FirefoxTest -->
    <test started-at="2018-12-18T00:49:09Z" name="ChromeTest" finished-at="2018-12-18T00:49:20Z" duration-ms="10341">
      <class name="CrossBrowserData_ParameterPac.OpenBrowser_CrossBrowserDataParameter">
        <test-method is-config="true" signature="openBrowser(java.lang.String)[pri:0, instance:CrossBrowserData_ParameterPac.OpenBrowser_CrossBrowserDataParameter@3c0be339]" started-at="2018-12-18T00:49:09Z" name="openBrowser" finished-at="2018-12-18T00:49:12Z" duration-ms="2225" status="PASS">
          <params>
            <param index="0">
              <value>
                <![CDATA[Chrome]]>
              </value>
            </param>
          </params>
          <reporter-output>
          </reporter-output>
        </test-method> <!-- openBrowser -->
        <test-method signature="facebookSignUp()[pri:0, instance:CrossBrowserData_ParameterPac.OpenBrowser_CrossBrowserDataParameter@3c0be339]" started-at="2018-12-18T00:49:12Z" name="facebookSignUp" finished-at="2018-12-18T00:49:20Z" duration-ms="8115" status="PASS">
          <reporter-output>
          </reporter-output>
        </test-method> <!-- facebookSignUp -->
      </class> <!-- CrossBrowserData_ParameterPac.OpenBrowser_CrossBrowserDataParameter -->
    </test> <!-- ChromeTest -->
    <test started-at="2018-12-18T00:49:20Z" name="IETest" finished-at="2018-12-18T00:54:55Z" duration-ms="335488">
      <class name="CrossBrowserData_ParameterPac.OpenBrowser_CrossBrowserDataParameter">
        <test-method is-config="true" signature="openBrowser(java.lang.String)[pri:0, instance:CrossBrowserData_ParameterPac.OpenBrowser_CrossBrowserDataParameter@68267da0]" started-at="2018-12-18T00:49:20Z" name="openBrowser" finished-at="2018-12-18T00:49:21Z" duration-ms="1198" status="PASS">
          <params>
            <param index="0">
              <value>
                <![CDATA[IE]]>
              </value>
            </param>
          </params>
          <reporter-output>
          </reporter-output>
        </test-method> <!-- openBrowser -->
        <test-method signature="facebookSignUp()[pri:0, instance:CrossBrowserData_ParameterPac.OpenBrowser_CrossBrowserDataParameter@68267da0]" started-at="2018-12-18T00:49:21Z" name="facebookSignUp" finished-at="2018-12-18T00:54:55Z" duration-ms="334289" status="PASS">
          <reporter-output>
          </reporter-output>
        </test-method> <!-- facebookSignUp -->
      </class> <!-- CrossBrowserData_ParameterPac.OpenBrowser_CrossBrowserDataParameter -->
    </test> <!-- IETest -->
  </suite> <!-- CrossBrowserSuite -->
</testng-results>
